2021-02-28 12:58:26,177:DEBUG:discord.client: on_ready has successfully been registered as an event
2021-02-28 12:58:26,178:DEBUG:discord.client: on_message has successfully been registered as an event
2021-02-28 12:58:26,179:INFO:discord.client: logging in using static token
2021-02-28 12:58:26,485:DEBUG:discord.http: GET https://discord.com/api/v7/users/@me with None has returned 200
2021-02-28 12:58:26,486:DEBUG:discord.http: GET https://discord.com/api/v7/users/@me has received {'id': '730686038808461343', 'username': 'RegaentBot', 'avatar': 'ff646bc0aa95423ba795822436ef2011', 'discriminator': '8837', 'public_flags': 0, 'flags': 0, 'bot': True, 'locale': 'en-US', 'mfa_enabled': True, 'email': None, 'verified': True}
2021-02-28 12:58:26,509:DEBUG:discord.http: GET https://discord.com/api/v7/gateway with None has returned 200
2021-02-28 12:58:26,509:DEBUG:discord.http: GET https://discord.com/api/v7/gateway has received {'url': 'wss://gateway.discord.gg'}
2021-02-28 12:58:26,824:DEBUG:discord.gateway: Created websocket connected to wss://gateway.discord.gg?encoding=json&v=6&compress=zlib-stream
2021-02-28 12:58:26,824:DEBUG:discord.client: Dispatching event socket_raw_receive
2021-02-28 12:58:26,825:DEBUG:discord.gateway: For Shard ID None: WebSocket Event: {'t': None, 's': None, 'op': 10, 'd': {'heartbeat_interval': 41250, '_trace': ['["gateway-prd-main-vbhs",{"micros":0.0}]']}}
2021-02-28 12:58:26,825:DEBUG:discord.client: Dispatching event socket_response
2021-02-28 12:58:26,825:DEBUG:discord.client: Dispatching event socket_raw_send
2021-02-28 12:58:26,826:DEBUG:discord.client: Dispatching event socket_raw_send
2021-02-28 12:58:26,826:INFO:discord.gateway: Shard ID None has sent the IDENTIFY payload.
2021-02-28 12:58:27,049:DEBUG:discord.client: Dispatching event socket_raw_receive
2021-02-28 12:58:27,050:DEBUG:discord.gateway: For Shard ID None: WebSocket Event: {'t': None, 's': None, 'op': 11, 'd': None}
2021-02-28 12:58:27,050:DEBUG:discord.client: Dispatching event socket_response
2021-02-28 12:58:27,136:DEBUG:discord.client: Dispatching event socket_raw_receive
2021-02-28 12:58:27,136:DEBUG:discord.gateway: For Shard ID None: WebSocket Event: {'t': 'READY', 's': 1, 'op': 0, 'd': {'v': 6, 'user_settings': {}, 'user': {'verified': True, 'username': 'RegaentBot', 'mfa_enabled': True, 'id': '730686038808461343', 'flags': 0, 'email': None, 'discriminator': '8837', 'bot': True, 'avatar': 'ff646bc0aa95423ba795822436ef2011'}, 'session_id': 'fb7c9ba8f48a2d63e728d8deaf33bdd6', 'relationships': [], 'private_channels': [], 'presences': [], 'guilds': [{'unavailable': True, 'id': '730685125586583553'}], 'guild_join_requests': [], 'geo_ordered_rtc_regions': ['sydney', 'singapore', 'hongkong', 'japan', 'india'], 'application': {'id': '730686038808461343', 'flags': 0}, '_trace': ['["gateway-prd-main-vbhs",{"micros":84379,"calls":["discord-sessions-prd-2-71",{"micros":82796,"calls":["start_session",{"micros":47164,"calls":["api-prd-main-s5gt",{"micros":44557,"calls":["get_user",{"micros":2546},"add_authorized_ip",{"micros":2309},"get_guilds",{"micros":13476},"coros_wait",{"micros":1}]}]},"guilds_connect",{"micros":1,"calls":[]},"presence_connect",{"micros":34764,"calls":[]}]}]}]']}}
2021-02-28 12:58:27,137:DEBUG:discord.client: Dispatching event socket_response
2021-02-28 12:58:27,137:INFO:discord.gateway: Shard ID None has connected to Gateway: ["gateway-prd-main-vbhs",{"micros":84379,"calls":["discord-sessions-prd-2-71",{"micros":82796,"calls":["start_session",{"micros":47164,"calls":["api-prd-main-s5gt",{"micros":44557,"calls":["get_user",{"micros":2546},"add_authorized_ip",{"micros":2309},"get_guilds",{"micros":13476},"coros_wait",{"micros":1}]}]},"guilds_connect",{"micros":1,"calls":[]},"presence_connect",{"micros":34764,"calls":[]}]}]}] (Session ID: fb7c9ba8f48a2d63e728d8deaf33bdd6).
2021-02-28 12:58:27,145:DEBUG:discord.client: Dispatching event connect
2021-02-28 12:58:27,145:DEBUG:discord.client: Dispatching event socket_raw_receive
2021-02-28 12:58:27,145:DEBUG:discord.gateway: For Shard ID None: WebSocket Event: {'t': 'GUILD_CREATE', 's': 2, 'op': 0, 'd': {'description': None, 'rules_channel_id': None, 'lazy': True, 'icon': '39e15ee8985b82398c9e6b86c5208dac', 'member_count': 2, 'presences': [], 'region': 'sydney', 'members': [{'user': {'username': 'RegaentBot', 'id': '730686038808461343', 'discriminator': '8837', 'bot': True, 'avatar': 'ff646bc0aa95423ba795822436ef2011'}, 'roles': ['730699569465131008'], 'mute': False, 'joined_at': '2020-07-09T08:19:13.111000+00:00', 'hoisted_role': None, 'deaf': False}], 'system_channel_id': '730685126073253930', 'emojis': [], 'joined_at': '2020-07-09T08:19:13.111000+00:00', 'public_updates_channel_id': None, 'channels': [{'type': 4, 'position': 0, 'permission_overwrites': [], 'name': 'Text Channels', 'id': '730685126073253928'}, {'type': 4, 'position': 0, 'permission_overwrites': [], 'name': 'Voice Channels', 'id': '730685126073253929'}, {'type': 0, 'topic': None, 'rate_limit_per_user': 0, 'position': 0, 'permission_overwrites': [], 'parent_id': '730685126073253928', 'name': 'general', 'last_message_id': '815417351838498816', 'id': '730685126073253930'}, {'user_limit': 0, 'type': 2, 'rtc_region': None, 'position': 0, 'permission_overwrites': [], 'parent_id': '730685126073253929', 'name': 'General', 'id': '730685126073253931', 'bitrate': 64000}], 'premium_tier': 0, 'voice_states': [], 'name': 'Bot Testing Platform', 'preferred_locale': 'en-US', 'vanity_url_code': None, 'max_members': 250000, 'application_id': None, 'unavailable': False, 'explicit_content_filter': 1, 'mfa_level': 0, 'system_channel_flags': 0, 'verification_level': 1, 'discovery_splash': None, 'banner': None, 'roles': [{'position': 0, 'permissions_new': '2251804225', 'permissions': 104320577, 'name': '@everyone', 'mentionable': False, 'managed': False, 'id': '730685125586583553', 'hoist': False, 'color': 0}, {'tags': {'bot_id': '730686038808461343'}, 'position': 1, 'permissions_new': '2147483656', 'permissions': 8, 'name': 'RegaentBot', 'mentionable': False, 'managed': True, 'id': '730699569465131008', 'hoist': False, 'color': 0}], 'premium_subscription_count': 0, 'guild_hashes': {'version': 1, 'roles': {'omitted': False, 'hash': 'kUApkgJU7YI'}, 'metadata': {'omitted': False, 'hash': 'MsIL+GTRbL4'}, 'channels': {'omitted': False, 'hash': 'T4TNudHTikU'}}, 'large': False, 'features': [], 'default_message_notifications': 1, 'afk_timeout': 300, 'owner_id': '167270989833437184', 'afk_channel_id': None, 'threads': [], 'max_video_channel_users': 25, 'id': '730685125586583553', 'splash': None}}
2021-02-28 12:58:27,146:DEBUG:discord.client: Dispatching event socket_response
2021-02-28 12:58:27,146:DEBUG:discord.client: Dispatching event guild_available
2021-02-28 12:58:29,149:DEBUG:discord.client: Dispatching event ready
2021-02-28 12:58:31,404:DEBUG:discord.client: Dispatching event socket_raw_receive
2021-02-28 12:58:31,405:DEBUG:discord.gateway: For Shard ID None: WebSocket Event: {'t': 'TYPING_START', 's': 3, 'op': 0, 'd': {'user_id': '167270989833437184', 'timestamp': 1614481111, 'member': {'user': {'username': 'regent', 'public_flags': 512, 'id': '167270989833437184', 'discriminator': '6820', 'avatar': '834ec48707fa9c8958b6a797808a727e'}, 'roles': [], 'mute': False, 'joined_at': '2020-07-09T07:21:49.493000+00:00', 'hoisted_role': None, 'deaf': False}, 'channel_id': '730685126073253930', 'guild_id': '730685125586583553'}}
2021-02-28 12:58:31,405:DEBUG:discord.client: Dispatching event socket_response
2021-02-28 12:58:32,173:DEBUG:discord.client: Dispatching event socket_raw_receive
2021-02-28 12:58:32,174:DEBUG:discord.gateway: For Shard ID None: WebSocket Event: {'t': 'MESSAGE_CREATE', 's': 4, 'op': 0, 'd': {'type': 0, 'tts': False, 'timestamp': '2021-02-28T02:58:32.704000+00:00', 'referenced_message': None, 'pinned': False, 'nonce': '815417625935872000', 'mentions': [], 'mention_roles': [], 'mention_everyone': False, 'member': {'roles': [], 'mute': False, 'joined_at': '2020-07-09T07:21:49.493000+00:00', 'hoisted_role': None, 'deaf': False}, 'id': '815417629938286601', 'flags': 0, 'embeds': [], 'edited_timestamp': None, 'content': '$version', 'channel_id': '730685126073253930', 'author': {'username': 'regent', 'public_flags': 512, 'id': '167270989833437184', 'discriminator': '6820', 'avatar': '834ec48707fa9c8958b6a797808a727e'}, 'attachments': [], 'guild_id': '730685125586583553'}}
2021-02-28 12:58:32,174:DEBUG:discord.client: Dispatching event socket_response
2021-02-28 12:58:32,175:DEBUG:discord.client: Dispatching event message
2021-02-28 12:58:32,433:DEBUG:discord.client: Dispatching event socket_raw_receive
2021-02-28 12:58:32,434:DEBUG:discord.gateway: For Shard ID None: WebSocket Event: {'t': 'MESSAGE_CREATE', 's': 5, 'op': 0, 'd': {'type': 0, 'tts': False, 'timestamp': '2021-02-28T02:58:32.941000+00:00', 'referenced_message': None, 'pinned': False, 'mentions': [], 'mention_roles': [], 'mention_everyone': False, 'member': {'roles': ['730699569465131008'], 'mute': False, 'joined_at': '2020-07-09T08:19:13.111000+00:00', 'hoisted_role': None, 'deaf': False}, 'id': '815417630931550239', 'flags': 0, 'embeds': [], 'edited_timestamp': None, 'content': 'The current Discord version is: 1.5.1\nThe current bot version is: 1.0.0.0', 'channel_id': '730685126073253930', 'author': {'username': 'RegaentBot', 'public_flags': 0, 'id': '730686038808461343', 'discriminator': '8837', 'bot': True, 'avatar': 'ff646bc0aa95423ba795822436ef2011'}, 'attachments': [], 'guild_id': '730685125586583553'}}
2021-02-28 12:58:32,434:DEBUG:discord.client: Dispatching event socket_response
2021-02-28 12:58:32,435:DEBUG:discord.client: Dispatching event message
2021-02-28 12:58:32,452:DEBUG:discord.http: POST https://discord.com/api/v7/channels/730685126073253930/messages with {"content":"The current Discord version is: 1.5.1\nThe current bot version is: 1.0.0.0"} has returned 200
2021-02-28 12:58:32,453:DEBUG:discord.http: POST https://discord.com/api/v7/channels/730685126073253930/messages has received {'id': '815417630931550239', 'type': 0, 'content': 'The current Discord version is: 1.5.1\nThe current bot version is: 1.0.0.0', 'channel_id': '730685126073253930', 'author': {'id': '730686038808461343', 'username': 'RegaentBot', 'avatar': 'ff646bc0aa95423ba795822436ef2011', 'discriminator': '8837', 'public_flags': 0, 'bot': True}, 'attachments': [], 'embeds': [], 'mentions': [], 'mention_roles': [], 'pinned': False, 'mention_everyone': False, 'tts': False, 'timestamp': '2021-02-28T02:58:32.941000+00:00', 'edited_timestamp': None, 'flags': 0, 'referenced_message': None}
2021-02-28 12:59:08,076:DEBUG:discord.gateway: Keeping shard ID None websocket alive with sequence 5.
2021-02-28 12:59:08,299:DEBUG:discord.client: Dispatching event socket_raw_receive
2021-02-28 12:59:08,299:DEBUG:discord.gateway: For Shard ID None: WebSocket Event: {'t': None, 's': None, 'op': 11, 'd': None}
2021-02-28 12:59:08,299:DEBUG:discord.client: Dispatching event socket_response
